2022-11-12 19:37:10,790 - werkzeug - WARNING -  * Debugger is active!
2022-11-12 19:38:43,327 - werkzeug - WARNING -  * Debugger is active!
2022-11-12 19:39:03,394 - werkzeug - WARNING -  * Debugger is active!
2022-11-12 19:39:14,586 - werkzeug - WARNING -  * Debugger is active!
2022-11-13 13:51:03,661 - werkzeug - WARNING -  * Debugger is active!
2022-11-13 13:53:34,499 - werkzeug - WARNING -  * Debugger is active!
2022-11-13 14:44:40,080 - werkzeug - WARNING -  * Debugger is active!
2022-11-13 14:44:50,623 - werkzeug - WARNING -  * Debugger is active!
2022-11-13 14:46:02,594 - werkzeug - WARNING -  * Debugger is active!
2022-11-13 15:18:09,609 - werkzeug - WARNING -  * Debugger is active!
2022-11-13 15:22:44,392 - werkzeug - WARNING -  * Debugger is active!
2022-11-13 15:24:52,776 - werkzeug - WARNING -  * Debugger is active!
2022-11-13 15:27:15,777 - werkzeug - WARNING -  * Debugger is active!
2022-11-13 15:28:44,371 - werkzeug - WARNING -  * Debugger is active!
2022-11-13 15:29:05,166 - werkzeug - WARNING -  * Debugger is active!
2022-11-13 15:29:44,426 - werkzeug - WARNING -  * Debugger is active!
2022-11-13 15:30:30,919 - werkzeug - WARNING -  * Debugger is active!
2022-11-13 15:31:18,454 - werkzeug - WARNING -  * Debugger is active!
2022-11-13 15:34:28,345 - werkzeug - WARNING -  * Debugger is active!
2022-11-13 15:36:03,869 - werkzeug - WARNING -  * Debugger is active!
2022-11-13 15:36:42,127 - werkzeug - WARNING -  * Debugger is active!
2022-11-13 15:37:44,871 - werkzeug - WARNING -  * Debugger is active!
2022-11-13 15:37:54,393 - werkzeug - WARNING -  * Debugger is active!
2022-11-13 15:38:35,618 - werkzeug - WARNING -  * Debugger is active!
2022-11-13 15:39:01,618 - werkzeug - WARNING -  * Debugger is active!
2022-11-13 15:39:08,106 - werkzeug - WARNING -  * Debugger is active!
2022-11-13 15:39:33,986 - werkzeug - WARNING -  * Debugger is active!
2022-11-13 15:39:49,665 - werkzeug - WARNING -  * Debugger is active!
2022-11-13 15:40:12,477 - werkzeug - WARNING -  * Debugger is active!
2022-11-13 15:41:11,302 - werkzeug - WARNING -  * Debugger is active!
2022-11-13 15:42:07,138 - werkzeug - WARNING -  * Debugger is active!
2022-11-13 15:42:10,524 - werkzeug - WARNING -  * Debugger is active!
2022-11-13 17:55:09,070 - werkzeug - WARNING -  * Debugger is active!
2022-11-13 17:55:13,543 - werkzeug - WARNING -  * Debugger is active!
2022-11-13 18:27:00,652 - werkzeug - WARNING -  * Debugger is active!
2022-11-13 18:27:23,469 - werkzeug - WARNING -  * Debugger is active!
2022-11-13 19:13:20,413 - werkzeug - WARNING -  * Debugger is active!
2022-11-13 19:40:49,603 - werkzeug - WARNING -  * Debugger is active!
2022-11-13 19:41:20,652 - werkzeug - WARNING -  * Debugger is active!
2022-11-13 19:41:58,780 - werkzeug - WARNING -  * Debugger is active!
2022-11-13 20:27:48,901 - werkzeug - WARNING -  * Debugger is active!
2022-11-13 20:44:46,193 - werkzeug - WARNING -  * Debugger is active!
2022-11-13 20:45:35,826 - werkzeug - WARNING -  * Debugger is active!
2022-11-13 20:48:52,054 - werkzeug - WARNING -  * Debugger is active!
2022-11-13 21:32:18,116 - werkzeug - WARNING -  * Debugger is active!
2022-11-13 21:32:33,821 - werkzeug - WARNING -  * Debugger is active!
2022-11-13 21:35:03,737 - werkzeug - WARNING -  * Debugger is active!
2022-11-13 21:35:20,514 - werkzeug - WARNING -  * Debugger is active!
2022-11-13 21:36:22,322 - werkzeug - WARNING -  * Debugger is active!
2022-11-13 21:36:40,120 - werkzeug - WARNING -  * Debugger is active!
2022-11-13 21:36:52,716 - werkzeug - WARNING -  * Debugger is active!
2022-11-13 21:37:53,557 - werkzeug - WARNING -  * Debugger is active!
2022-11-13 21:38:22,587 - werkzeug - WARNING -  * Debugger is active!
2022-11-13 21:39:25,485 - werkzeug - WARNING -  * Debugger is active!
2022-11-13 21:40:04,972 - werkzeug - WARNING -  * Debugger is active!
2022-11-13 21:42:01,128 - werkzeug - WARNING -  * Debugger is active!
2022-11-13 21:44:28,091 - werkzeug - WARNING -  * Debugger is active!
2022-11-13 21:45:58,710 - werkzeug - WARNING -  * Debugger is active!
2022-11-13 21:46:41,069 - werkzeug - WARNING -  * Debugger is active!
2022-11-13 21:48:37,234 - werkzeug - WARNING -  * Debugger is active!
2022-11-13 21:50:23,069 - werkzeug - WARNING -  * Debugger is active!
2022-11-13 21:51:43,214 - werkzeug - WARNING -  * Debugger is active!
2022-11-13 21:52:51,412 - werkzeug - WARNING -  * Debugger is active!
2022-11-13 21:54:29,234 - werkzeug - WARNING -  * Debugger is active!
2022-11-13 21:54:38,717 - werkzeug - WARNING -  * Debugger is active!
2022-11-13 21:54:44,134 - werkzeug - WARNING -  * Debugger is active!
2022-11-13 21:55:27,562 - werkzeug - WARNING -  * Debugger is active!
2022-11-13 22:18:06,665 - werkzeug - WARNING -  * Debugger is active!
2022-11-13 22:20:22,363 - werkzeug - WARNING -  * Debugger is active!
2022-11-13 22:20:47,255 - werkzeug - WARNING -  * Debugger is active!
2022-11-13 22:28:21,030 - werkzeug - WARNING -  * Debugger is active!
2022-11-13 22:29:00,231 - werkzeug - WARNING -  * Debugger is active!
2022-11-13 22:29:24,054 - werkzeug - WARNING -  * Debugger is active!
2022-11-13 22:32:23,582 - werkzeug - WARNING -  * Debugger is active!
2022-11-13 22:32:31,043 - werkzeug - WARNING -  * Debugger is active!
2022-11-13 22:34:29,234 - werkzeug - WARNING -  * Debugger is active!
2022-11-13 22:34:58,241 - werkzeug - WARNING -  * Debugger is active!
2022-11-13 22:35:25,127 - werkzeug - WARNING -  * Debugger is active!
2022-11-13 22:35:54,122 - werkzeug - WARNING -  * Debugger is active!
2022-11-13 22:36:29,352 - werkzeug - WARNING -  * Debugger is active!
2022-11-13 22:40:29,604 - werkzeug - WARNING -  * Debugger is active!
2022-11-13 22:41:15,088 - werkzeug - WARNING -  * Debugger is active!
2022-11-13 22:42:00,405 - werkzeug - WARNING -  * Debugger is active!
2022-11-13 22:42:30,540 - werkzeug - WARNING -  * Debugger is active!
2022-11-13 22:44:20,545 - werkzeug - WARNING -  * Debugger is active!
2022-11-13 22:44:43,324 - werkzeug - WARNING -  * Debugger is active!
2022-11-13 22:45:31,899 - werkzeug - WARNING -  * Debugger is active!
2022-11-13 22:45:55,751 - werkzeug - WARNING -  * Debugger is active!
2022-11-13 22:46:28,832 - werkzeug - WARNING -  * Debugger is active!
2022-11-13 22:46:49,637 - werkzeug - WARNING -  * Debugger is active!
2022-11-13 22:47:03,237 - werkzeug - WARNING -  * Debugger is active!
2022-11-13 22:52:15,954 - werkzeug - WARNING -  * Debugger is active!
2022-11-13 22:53:05,544 - werkzeug - WARNING -  * Debugger is active!
2022-11-13 22:53:12,000 - werkzeug - WARNING -  * Debugger is active!
2022-11-13 22:53:24,620 - werkzeug - WARNING -  * Debugger is active!
2022-11-13 22:53:28,999 - werkzeug - WARNING -  * Debugger is active!
2022-11-13 22:53:39,539 - werkzeug - WARNING -  * Debugger is active!
2022-11-14 09:53:58,945 - werkzeug - WARNING -  * Debugger is active!
2022-11-14 09:55:57,028 - werkzeug - WARNING -  * Debugger is active!
2022-11-14 09:56:02,430 - werkzeug - WARNING -  * Debugger is active!
2022-11-14 09:56:11,942 - werkzeug - WARNING -  * Debugger is active!
2022-11-14 16:26:36,122 - werkzeug - WARNING -  * Debugger is active!
2022-11-14 16:27:23,403 - werkzeug - WARNING -  * Debugger is active!
2022-11-14 16:30:28,193 - werkzeug - WARNING -  * Debugger is active!
2022-11-14 16:31:23,898 - werkzeug - WARNING -  * Debugger is active!
2022-11-14 16:33:46,106 - werkzeug - WARNING -  * Debugger is active!
2022-11-14 16:35:31,924 - werkzeug - WARNING -  * Debugger is active!
2022-11-14 16:36:16,261 - werkzeug - WARNING -  * Debugger is active!
2022-11-14 16:36:48,359 - werkzeug - WARNING -  * Debugger is active!
2022-11-14 16:37:09,200 - werkzeug - WARNING -  * Debugger is active!
2022-11-14 16:38:16,118 - werkzeug - WARNING -  * Debugger is active!
2022-11-14 16:38:40,003 - werkzeug - WARNING -  * Debugger is active!
2022-11-14 16:39:15,262 - werkzeug - WARNING -  * Debugger is active!
2022-11-14 17:03:08,079 - werkzeug - WARNING -  * Debugger is active!
2022-11-14 22:00:17,030 - werkzeug - WARNING -  * Debugger is active!
2022-11-14 22:00:23,472 - werkzeug - WARNING -  * Debugger is active!
2022-11-14 22:03:17,170 - werkzeug - WARNING -  * Debugger is active!
2022-11-14 22:11:13,328 - werkzeug - WARNING -  * Debugger is active!
2022-11-14 22:11:47,407 - werkzeug - WARNING -  * Debugger is active!
2022-11-14 22:13:54,774 - werkzeug - WARNING -  * Debugger is active!
2022-11-14 22:17:20,054 - werkzeug - WARNING -  * Debugger is active!
2022-11-14 22:17:36,745 - werkzeug - WARNING -  * Debugger is active!
2022-11-14 22:17:55,415 - werkzeug - WARNING -  * Debugger is active!
2022-11-14 22:19:42,564 - werkzeug - WARNING -  * Debugger is active!
2022-11-14 22:20:50,897 - werkzeug - WARNING -  * Debugger is active!
2022-11-14 22:22:08,275 - werkzeug - WARNING -  * Debugger is active!
2022-11-14 22:22:27,029 - werkzeug - WARNING -  * Debugger is active!
2022-11-14 22:24:06,654 - werkzeug - WARNING -  * Debugger is active!
2022-11-14 22:24:30,453 - werkzeug - WARNING -  * Debugger is active!
2022-11-14 22:26:50,272 - werkzeug - WARNING -  * Debugger is active!
2022-11-14 22:27:08,888 - werkzeug - WARNING -  * Debugger is active!
2022-11-14 22:28:26,303 - werkzeug - WARNING -  * Debugger is active!
2022-11-14 22:29:22,071 - werkzeug - WARNING -  * Debugger is active!
2022-11-14 22:31:48,817 - werkzeug - WARNING -  * Debugger is active!
2022-11-14 22:32:27,009 - werkzeug - WARNING -  * Debugger is active!
2022-11-14 22:37:26,180 - werkzeug - WARNING -  * Debugger is active!
2022-11-14 22:37:33,700 - __init__ - WARNING - User root3 with role id 1 was added by root
2022-11-14 22:39:00,790 - werkzeug - WARNING -  * Debugger is active!
2022-11-14 22:39:05,207 - __init__ - WARNING - new sale added by root
2022-11-17 22:02:16,939 - werkzeug - WARNING -  * Debugger is active!
2022-11-17 22:25:54,528 - werkzeug - WARNING -  * Debugger is active!
2022-11-17 22:26:38,922 - werkzeug - WARNING -  * Debugger is active!
2022-11-17 22:29:33,268 - werkzeug - WARNING -  * Debugger is active!
2022-11-17 22:36:33,449 - werkzeug - WARNING -  * Debugger is active!
2022-11-17 22:37:20,775 - __init__ - WARNING - new sale added by root
2022-11-17 22:39:02,451 - werkzeug - WARNING -  * Debugger is active!
2022-11-17 22:39:14,025 - werkzeug - WARNING -  * Debugger is active!
2022-11-17 22:42:52,063 - werkzeug - WARNING -  * Debugger is active!
2022-11-17 22:42:56,473 - werkzeug - WARNING -  * Debugger is active!
2022-11-17 22:46:23,901 - werkzeug - WARNING -  * Debugger is active!
2022-11-17 22:46:29,306 - werkzeug - WARNING -  * Debugger is active!
2022-11-17 22:52:04,069 - __init__ - WARNING - New sale added by root
2022-11-17 22:54:58,355 - werkzeug - WARNING -  * Debugger is active!
2022-11-20 22:06:52,193 - werkzeug - WARNING -  * Debugger is active!
2022-11-20 23:11:34,622 - werkzeug - WARNING -  * Debugger is active!
2022-11-20 23:11:41,795 - __init__ - WARNING - New sale added by root
2022-11-20 23:14:00,602 - werkzeug - WARNING -  * Debugger is active!
2022-11-20 23:14:06,139 - werkzeug - WARNING -  * Debugger is active!
2022-11-23 16:47:03,947 - werkzeug - WARNING -  * Debugger is active!
2022-11-23 16:48:25,580 - werkzeug - WARNING -  * Debugger is active!
2022-11-23 16:52:52,008 - werkzeug - WARNING -  * Debugger is active!
2022-11-23 16:54:51,502 - werkzeug - WARNING -  * Debugger is active!
2022-11-23 16:57:20,370 - werkzeug - WARNING -  * Debugger is active!
2022-11-23 16:57:43,201 - werkzeug - WARNING -  * Debugger is active!
2022-11-23 16:58:45,995 - werkzeug - WARNING -  * Debugger is active!
2022-11-23 16:58:59,114 - werkzeug - WARNING -  * Debugger is active!
2022-11-23 17:01:19,855 - werkzeug - WARNING -  * Debugger is active!
2022-11-23 17:04:14,590 - werkzeug - WARNING -  * Debugger is active!
2022-11-23 17:05:14,634 - werkzeug - WARNING -  * Debugger is active!
2022-11-23 17:05:21,317 - __init__ - WARNING - User root2 with role id 1 was added by root
2022-11-23 22:15:00,217 - werkzeug - WARNING -  * Debugger is active!
2022-11-23 22:17:14,726 - werkzeug - WARNING -  * Debugger is active!
2022-11-23 22:17:45,506 - werkzeug - WARNING -  * Debugger is active!
2022-11-24 21:44:58,221 - werkzeug - WARNING -  * Debugger is active!
2022-11-24 22:20:14,362 - werkzeug - WARNING -  * Debugger is active!
2022-11-24 22:22:25,868 - werkzeug - WARNING -  * Debugger is active!
2022-11-24 22:23:55,199 - werkzeug - WARNING -  * Debugger is active!
2022-11-24 22:24:12,972 - werkzeug - WARNING -  * Debugger is active!
2022-11-24 22:25:52,537 - werkzeug - WARNING -  * Debugger is active!
2022-11-24 22:31:36,363 - werkzeug - WARNING -  * Debugger is active!
2022-11-24 22:32:14,579 - werkzeug - WARNING -  * Debugger is active!
2022-11-24 22:32:30,238 - werkzeug - WARNING -  * Debugger is active!
2022-11-24 22:33:51,422 - werkzeug - WARNING -  * Debugger is active!
2022-11-24 22:34:23,396 - werkzeug - WARNING -  * Debugger is active!
2022-11-24 22:34:51,342 - werkzeug - WARNING -  * Debugger is active!
2022-11-24 22:34:55,759 - werkzeug - WARNING -  * Debugger is active!
2022-11-24 22:35:14,484 - werkzeug - WARNING -  * Debugger is active!
2022-11-24 22:35:30,199 - werkzeug - WARNING -  * Debugger is active!
2022-11-24 22:36:02,324 - werkzeug - WARNING -  * Debugger is active!
2022-11-24 22:36:46,726 - werkzeug - WARNING -  * Debugger is active!
2022-11-24 22:37:19,784 - werkzeug - WARNING -  * Debugger is active!
2022-11-24 22:38:17,987 - werkzeug - WARNING -  * Debugger is active!
2022-11-24 22:39:33,148 - werkzeug - WARNING -  * Debugger is active!
2022-11-24 22:40:56,206 - werkzeug - WARNING -  * Debugger is active!
2022-11-24 22:42:20,213 - werkzeug - WARNING -  * Debugger is active!
2022-11-24 22:43:06,355 - werkzeug - WARNING -  * Debugger is active!
2022-11-24 22:44:21,518 - werkzeug - WARNING -  * Debugger is active!
2022-11-24 22:44:36,177 - werkzeug - WARNING -  * Debugger is active!
2022-11-24 22:45:53,367 - werkzeug - WARNING -  * Debugger is active!
2022-11-24 22:46:14,206 - werkzeug - WARNING -  * Debugger is active!
2022-11-24 22:50:10,159 - werkzeug - WARNING -  * Debugger is active!
2022-11-25 19:08:15,062 - werkzeug - WARNING -  * Debugger is active!
2022-11-25 19:09:54,568 - werkzeug - WARNING -  * Debugger is active!
2022-11-25 19:10:53,369 - werkzeug - WARNING -  * Debugger is active!
2022-11-25 19:15:33,307 - werkzeug - WARNING -  * Debugger is active!
2022-11-25 19:18:05,999 - werkzeug - WARNING -  * Debugger is active!
2022-11-25 19:18:10,405 - werkzeug - WARNING -  * Debugger is active!
2022-11-25 19:18:21,967 - werkzeug - WARNING -  * Debugger is active!
2022-11-25 19:18:36,553 - werkzeug - WARNING -  * Debugger is active!
2022-11-25 19:18:56,309 - werkzeug - WARNING -  * Debugger is active!
2022-11-25 19:19:20,152 - werkzeug - WARNING -  * Debugger is active!
2022-11-25 19:19:25,565 - werkzeug - WARNING -  * Debugger is active!
2022-11-25 19:24:04,452 - werkzeug - WARNING -  * Debugger is active!
2022-11-25 19:24:21,135 - werkzeug - WARNING -  * Debugger is active!
2022-11-25 19:24:41,926 - werkzeug - WARNING -  * Debugger is active!
2022-11-25 19:25:31,312 - werkzeug - WARNING -  * Debugger is active!
2022-11-25 19:25:54,136 - werkzeug - WARNING -  * Debugger is active!
2022-11-25 19:27:44,011 - werkzeug - WARNING -  * Debugger is active!
2022-11-25 19:28:44,646 - werkzeug - WARNING -  * Debugger is active!
2022-11-25 19:29:45,411 - werkzeug - WARNING -  * Debugger is active!
2022-11-25 19:32:01,939 - werkzeug - WARNING -  * Debugger is active!
2022-11-25 19:32:18,585 - werkzeug - WARNING -  * Debugger is active!
2022-11-25 19:32:27,058 - werkzeug - WARNING -  * Debugger is active!
2022-11-25 19:33:07,368 - werkzeug - WARNING -  * Debugger is active!
2022-11-25 19:39:03,485 - werkzeug - WARNING -  * Debugger is active!
2022-11-25 19:40:30,287 - werkzeug - WARNING -  * Debugger is active!
2022-11-25 19:41:18,571 - werkzeug - WARNING -  * Debugger is active!
2022-11-25 19:42:00,610 - werkzeug - WARNING -  * Debugger is active!
2022-11-25 19:42:07,523 - werkzeug - WARNING -  * Debugger is active!
2022-11-25 19:42:47,431 - werkzeug - WARNING -  * Debugger is active!
2022-11-25 19:43:12,252 - werkzeug - WARNING -  * Debugger is active!
2022-11-25 19:44:19,592 - werkzeug - WARNING -  * Debugger is active!
2022-11-25 19:44:33,192 - werkzeug - WARNING -  * Debugger is active!
2022-11-25 19:45:27,822 - werkzeug - WARNING -  * Debugger is active!
2022-11-25 19:46:22,540 - werkzeug - WARNING -  * Debugger is active!
2022-11-25 19:46:47,431 - werkzeug - WARNING -  * Debugger is active!
2022-11-25 19:48:58,916 - werkzeug - WARNING -  * Debugger is active!
2022-11-25 19:50:50,850 - werkzeug - WARNING -  * Debugger is active!
2022-11-26 17:18:17,618 - werkzeug - WARNING -  * Debugger is active!
2022-11-27 10:38:08,105 - werkzeug - WARNING -  * Debugger is active!
2022-11-27 10:44:39,630 - __init__ - WARNING - User root2 with role id 1 was added by root
2022-11-28 13:35:41,503 - werkzeug - WARNING -  * Debugger is active!
2022-11-28 17:24:02,331 - werkzeug - WARNING -  * Debugger is active!
2022-11-28 17:24:07,736 - werkzeug - WARNING -  * Debugger is active!
2022-11-28 20:41:35,964 - werkzeug - WARNING -  * Debugger is active!
2022-11-28 20:43:17,273 - werkzeug - WARNING -  * Debugger is active!
2022-11-29 14:02:52,256 - werkzeug - WARNING -  * Debugger is active!
2022-11-29 14:07:09,158 - werkzeug - WARNING -  * Debugger is active!
2022-11-29 14:07:57,680 - werkzeug - WARNING -  * Debugger is active!
2022-11-29 15:02:41,265 - werkzeug - WARNING -  * Debugger is active!
2022-11-29 15:02:49,759 - werkzeug - WARNING -  * Debugger is active!
2022-11-29 15:03:01,346 - werkzeug - WARNING -  * Debugger is active!
2022-11-29 15:04:21,546 - werkzeug - WARNING -  * Debugger is active!
2022-11-29 15:06:10,363 - werkzeug - WARNING -  * Debugger is active!
2022-11-29 16:48:07,892 - werkzeug - WARNING -  * Debugger is active!
2022-11-29 16:49:25,032 - werkzeug - WARNING -  * Debugger is active!
2022-11-29 16:49:31,537 - werkzeug - WARNING -  * Debugger is active!
2022-11-29 16:50:47,621 - werkzeug - WARNING -  * Debugger is active!
2022-11-29 16:55:27,509 - werkzeug - WARNING -  * Debugger is active!
2022-11-29 16:56:27,171 - werkzeug - WARNING -  * Debugger is active!
2022-11-29 16:57:07,516 - werkzeug - WARNING -  * Debugger is active!
2022-11-29 16:57:22,814 - __init__ - WARNING - New contract added by root
2022-11-29 17:05:45,313 - werkzeug - WARNING -  * Debugger is active!
2022-11-29 17:06:01,981 - werkzeug - WARNING -  * Debugger is active!
2022-11-29 17:07:35,521 - werkzeug - WARNING -  * Debugger is active!
2022-11-29 17:08:40,409 - werkzeug - WARNING -  * Debugger is active!
2022-11-29 17:11:05,110 - werkzeug - WARNING -  * Debugger is active!
2022-11-29 17:12:06,958 - werkzeug - WARNING -  * Debugger is active!
2022-11-29 17:13:46,637 - werkzeug - WARNING -  * Debugger is active!
2022-11-29 17:14:20,703 - werkzeug - WARNING -  * Debugger is active!
2022-11-29 17:15:35,423 - werkzeug - WARNING -  * Debugger is active!
2022-11-29 17:16:17,714 - werkzeug - WARNING -  * Debugger is active!
2022-11-29 17:17:01,983 - werkzeug - WARNING -  * Debugger is active!
2022-11-29 17:17:56,541 - werkzeug - WARNING -  * Debugger is active!
2022-11-29 17:19:02,277 - werkzeug - WARNING -  * Debugger is active!
2022-11-29 17:19:26,123 - werkzeug - WARNING -  * Debugger is active!
2022-11-29 17:21:09,745 - werkzeug - WARNING -  * Debugger is active!
2022-11-29 17:22:34,054 - werkzeug - WARNING -  * Debugger is active!
2022-11-29 17:22:57,831 - werkzeug - WARNING -  * Debugger is active!
2022-11-29 17:23:18,645 - werkzeug - WARNING -  * Debugger is active!
2022-11-29 17:24:47,109 - werkzeug - WARNING -  * Debugger is active!
2022-11-29 17:26:25,862 - werkzeug - WARNING -  * Debugger is active!
2022-11-29 17:27:24,493 - werkzeug - WARNING -  * Debugger is active!
2022-11-29 17:30:08,718 - werkzeug - WARNING -  * Debugger is active!
2022-11-29 17:31:17,660 - werkzeug - WARNING -  * Debugger is active!
2022-11-29 17:36:59,562 - werkzeug - WARNING -  * Debugger is active!
2022-11-29 17:37:11,143 - werkzeug - WARNING -  * Debugger is active!
2022-11-29 17:38:39,475 - werkzeug - WARNING -  * Debugger is active!
2022-11-29 17:39:35,024 - werkzeug - WARNING -  * Debugger is active!
2022-11-29 17:54:45,946 - werkzeug - WARNING -  * Debugger is active!
2022-11-29 17:56:09,234 - werkzeug - WARNING -  * Debugger is active!
2022-11-29 17:56:45,403 - werkzeug - WARNING -  * Debugger is active!
2022-11-29 18:01:20,448 - werkzeug - WARNING -  * Debugger is active!
2022-11-29 18:12:23,994 - werkzeug - WARNING -  * Debugger is active!
2022-11-29 18:14:16,841 - werkzeug - WARNING -  * Debugger is active!
2022-11-29 18:15:24,808 - werkzeug - WARNING -  * Debugger is active!
2022-11-29 18:16:24,808 - werkzeug - WARNING -  * Debugger is active!
2022-11-29 18:16:55,890 - werkzeug - WARNING -  * Debugger is active!
2022-11-29 18:17:34,152 - werkzeug - WARNING -  * Debugger is active!
2022-11-29 18:17:51,825 - werkzeug - WARNING -  * Debugger is active!
2022-11-29 18:18:38,325 - werkzeug - WARNING -  * Debugger is active!
2022-11-29 18:18:45,807 - werkzeug - WARNING -  * Debugger is active!
2022-11-29 18:19:17,878 - werkzeug - WARNING -  * Debugger is active!
2022-11-29 18:19:32,530 - werkzeug - WARNING -  * Debugger is active!
2022-11-29 18:19:59,478 - werkzeug - WARNING -  * Debugger is active!
2022-11-29 18:59:00,367 - werkzeug - WARNING -  * Debugger is active!
2022-11-29 19:00:17,529 - werkzeug - WARNING -  * Debugger is active!
2022-11-29 19:00:31,169 - werkzeug - WARNING -  * Debugger is active!
2022-11-29 19:01:50,551 - werkzeug - WARNING -  * Debugger is active!
2022-11-29 19:09:06,975 - werkzeug - WARNING -  * Debugger is active!
2022-11-29 19:10:21,959 - werkzeug - WARNING -  * Debugger is active!
2022-11-29 19:10:54,971 - werkzeug - WARNING -  * Debugger is active!
2022-11-29 19:11:13,732 - werkzeug - WARNING -  * Debugger is active!
2022-11-29 19:11:19,171 - werkzeug - WARNING -  * Debugger is active!
2022-11-29 19:22:55,032 - werkzeug - WARNING -  * Debugger is active!
2022-11-29 19:23:23,078 - werkzeug - WARNING -  * Debugger is active!
2022-11-29 19:24:00,160 - werkzeug - WARNING -  * Debugger is active!
2022-11-29 19:24:12,724 - werkzeug - WARNING -  * Debugger is active!
2022-11-29 19:35:08,973 - werkzeug - WARNING -  * Debugger is active!
2022-11-29 19:35:38,956 - werkzeug - WARNING -  * Debugger is active!
2022-11-29 19:37:21,624 - werkzeug - WARNING -  * Debugger is active!
2022-11-29 19:37:33,245 - werkzeug - WARNING -  * Debugger is active!
2022-11-29 19:39:42,857 - werkzeug - WARNING -  * Debugger is active!
2022-11-29 19:40:38,573 - werkzeug - WARNING -  * Debugger is active!
2022-11-29 19:46:41,443 - werkzeug - WARNING -  * Debugger is active!
2022-11-29 19:48:12,946 - werkzeug - WARNING -  * Debugger is active!
2022-11-29 19:49:15,724 - werkzeug - WARNING -  * Debugger is active!
2022-11-29 19:50:04,168 - werkzeug - WARNING -  * Debugger is active!
2022-11-29 19:50:30,229 - werkzeug - WARNING -  * Debugger is active!
2022-11-29 19:51:34,296 - __init__ - WARNING - New contract added by root
2022-11-29 19:53:44,079 - werkzeug - WARNING -  * Debugger is active!
2022-11-29 19:54:05,880 - werkzeug - WARNING -  * Debugger is active!
2022-11-29 19:57:49,600 - werkzeug - WARNING -  * Debugger is active!
2022-11-29 19:58:12,424 - werkzeug - WARNING -  * Debugger is active!
2022-11-29 19:59:21,224 - werkzeug - WARNING -  * Debugger is active!
2022-11-29 20:02:48,334 - werkzeug - WARNING -  * Debugger is active!
2022-11-29 20:02:51,671 - werkzeug - WARNING -  * Debugger is active!
2022-11-29 20:03:04,317 - werkzeug - WARNING -  * Debugger is active!
2022-11-30 10:02:26,149 - werkzeug - WARNING -  * Debugger is active!
2022-11-30 10:07:19,928 - __init__ - WARNING - New contract added by root
2022-11-30 10:08:56,684 - werkzeug - WARNING -  * Debugger is active!
2022-11-30 10:09:05,149 - werkzeug - WARNING -  * Debugger is active!
2022-11-30 15:13:30,664 - __init__ - WARNING - New contract added by root
2022-11-30 15:13:42,303 - __init__ - WARNING - New contract added by root
2022-11-30 15:23:00,203 - werkzeug - WARNING -  * Debugger is active!
2022-11-30 15:25:52,479 - werkzeug - WARNING -  * Debugger is active!
2022-11-30 15:43:31,730 - werkzeug - WARNING -  * Debugger is active!
2022-11-30 15:43:51,430 - werkzeug - WARNING -  * Debugger is active!
2022-11-30 16:08:57,948 - __init__ - WARNING - New contract added by root
2022-11-30 16:09:20,692 - __init__ - WARNING - New contract added by root
2022-11-30 16:12:14,792 - werkzeug - WARNING -  * Debugger is active!
2022-11-30 16:12:52,977 - werkzeug - WARNING -  * Debugger is active!
2022-11-30 16:15:16,853 - werkzeug - WARNING -  * Debugger is active!
2022-11-30 16:23:42,400 - werkzeug - WARNING -  * Debugger is active!
2022-11-30 16:33:17,923 - __init__ - WARNING - New contract added by root
2022-11-30 16:34:34,396 - __init__ - WARNING - New contract added by root
2022-11-30 16:36:12,744 - werkzeug - WARNING -  * Debugger is active!
2022-11-30 16:49:46,879 - werkzeug - WARNING -  * Debugger is active!
2022-11-30 16:50:21,063 - werkzeug - WARNING -  * Debugger is active!
2022-11-30 16:52:49,666 - werkzeug - WARNING -  * Debugger is active!
2022-11-30 16:53:45,285 - werkzeug - WARNING -  * Debugger is active!
2022-11-30 16:54:22,468 - werkzeug - WARNING -  * Debugger is active!
2022-11-30 16:54:47,339 - werkzeug - WARNING -  * Debugger is active!
2022-11-30 16:57:48,837 - werkzeug - WARNING -  * Debugger is active!
2022-11-30 16:58:01,508 - werkzeug - WARNING -  * Debugger is active!
2022-11-30 16:59:43,218 - werkzeug - WARNING -  * Debugger is active!
2022-11-30 17:00:27,550 - werkzeug - WARNING -  * Debugger is active!
2022-11-30 17:04:47,075 - werkzeug - WARNING -  * Debugger is active!
2022-11-30 17:05:01,708 - werkzeug - WARNING -  * Debugger is active!
2022-11-30 17:05:13,300 - werkzeug - WARNING -  * Debugger is active!
2022-11-30 17:05:20,769 - werkzeug - WARNING -  * Debugger is active!
2022-11-30 17:05:41,540 - werkzeug - WARNING -  * Debugger is active!
2022-11-30 17:06:03,304 - werkzeug - WARNING -  * Debugger is active!
2022-11-30 17:08:32,126 - __init__ - WARNING - New contract added by root
2022-11-30 17:08:54,037 - werkzeug - WARNING -  * Debugger is active!
2022-11-30 17:12:31,609 - werkzeug - WARNING -  * Debugger is active!
2022-11-30 17:54:07,456 - werkzeug - WARNING -  * Debugger is active!
2022-11-30 17:55:10,204 - werkzeug - WARNING -  * Debugger is active!
2022-11-30 17:55:13,809 - __init__ - WARNING - New contract added by root
2022-11-30 17:59:20,364 - werkzeug - WARNING -  * Debugger is active!
2022-11-30 18:00:33,001 - __init__ - WARNING - New contract added by root
2022-11-30 18:00:46,866 - werkzeug - WARNING -  * Debugger is active!
2022-11-30 18:00:54,367 - werkzeug - WARNING -  * Debugger is active!
2022-11-30 18:01:27,419 - werkzeug - WARNING -  * Debugger is active!
2022-11-30 18:01:45,119 - werkzeug - WARNING -  * Debugger is active!
2022-11-30 18:01:50,506 - werkzeug - WARNING -  * Debugger is active!
2022-11-30 18:02:04,790 - __init__ - WARNING - New contract added by root
2022-11-30 18:05:12,607 - werkzeug - WARNING -  * Debugger is active!
2022-11-30 18:05:50,953 - __init__ - WARNING - User root2 with role id 1 was added by root
2022-11-30 18:06:24,700 - werkzeug - WARNING -  * Debugger is active!
2022-11-30 18:06:50,427 - __init__ - WARNING - New contract added by root2
2022-11-30 18:07:52,018 - __init__ - WARNING - New contract added by root2
2022-11-30 18:09:29,545 - werkzeug - WARNING -  * Debugger is active!
2022-11-30 18:18:42,578 - werkzeug - WARNING -  * Debugger is active!
2022-11-30 18:19:36,135 - werkzeug - WARNING -  * Debugger is active!
2022-11-30 18:19:52,782 - werkzeug - WARNING -  * Debugger is active!
2022-11-30 18:20:28,966 - werkzeug - WARNING -  * Debugger is active!
2022-11-30 18:21:27,618 - werkzeug - WARNING -  * Debugger is active!
2022-11-30 18:22:21,106 - werkzeug - WARNING -  * Debugger is active!
2022-11-30 18:23:37,398 - werkzeug - WARNING -  * Debugger is active!
2022-11-30 18:23:58,186 - werkzeug - WARNING -  * Debugger is active!
2022-11-30 18:24:14,867 - werkzeug - WARNING -  * Debugger is active!
2022-11-30 18:24:58,295 - __init__ - WARNING - New contract added by root
2022-11-30 18:25:45,277 - werkzeug - WARNING -  * Debugger is active!
2022-11-30 18:25:51,700 - werkzeug - WARNING -  * Debugger is active!
2022-11-30 18:26:19,698 - werkzeug - WARNING -  * Debugger is active!
2022-11-30 18:26:22,056 - werkzeug - WARNING -  * Debugger is active!
2022-12-02 14:52:28,698 - werkzeug - WARNING -  * Debugger is active!
2022-12-02 14:53:00,878 - __init__ - WARNING - User root3 with role id 1 was added by root
2022-12-02 14:53:53,658 - __init__ - WARNING - New contract added by root
2022-12-02 16:20:29,780 - werkzeug - WARNING -  * Debugger is active!
2022-12-02 16:21:04,330 - werkzeug - WARNING -  * Debugger is active!
2022-12-02 16:21:39,984 - werkzeug - WARNING -  * Debugger is active!
2022-12-02 16:22:39,955 - werkzeug - WARNING -  * Debugger is active!
2022-12-02 16:23:14,748 - werkzeug - WARNING -  * Debugger is active!
2022-12-02 16:46:23,733 - werkzeug - WARNING -  * Debugger is active!
2022-12-02 16:47:39,251 - werkzeug - WARNING -  * Debugger is active!
2022-12-02 16:48:31,793 - werkzeug - WARNING -  * Debugger is active!
2022-12-02 16:48:36,200 - werkzeug - WARNING -  * Debugger is active!
2022-12-02 16:51:20,562 - werkzeug - WARNING -  * Debugger is active!
2022-12-02 16:51:34,219 - werkzeug - WARNING -  * Debugger is active!
2022-12-02 16:53:54,895 - werkzeug - WARNING -  * Debugger is active!
2022-12-02 16:54:09,588 - werkzeug - WARNING -  * Debugger is active!
2022-12-02 16:56:01,528 - werkzeug - WARNING -  * Debugger is active!
2022-12-02 16:56:43,479 - werkzeug - WARNING -  * Debugger is active!
2022-12-02 16:56:54,384 - __init__ - WARNING - User root2 with role id 0 was added by root
2022-12-02 16:57:09,695 - __init__ - WARNING - User root3 with role id 1 was added by root
2022-12-02 17:36:30,177 - werkzeug - WARNING -  * Debugger is active!
2022-12-02 17:36:44,769 - werkzeug - WARNING -  * Debugger is active!
2022-12-02 17:37:02,574 - werkzeug - WARNING -  * Debugger is active!
2022-12-02 17:44:18,788 - werkzeug - WARNING -  * Debugger is active!
2022-12-02 17:46:37,389 - werkzeug - WARNING -  * Debugger is active!
2022-12-02 17:46:50,977 - werkzeug - WARNING -  * Debugger is active!
2022-12-02 17:47:09,731 - werkzeug - WARNING -  * Debugger is active!
2022-12-02 17:47:51,087 - werkzeug - WARNING -  * Debugger is active!
2022-12-02 17:49:35,879 - werkzeug - WARNING -  * Debugger is active!
2022-12-02 17:50:39,648 - werkzeug - WARNING -  * Debugger is active!
2022-12-02 17:51:00,433 - werkzeug - WARNING -  * Debugger is active!
2022-12-02 17:51:19,236 - werkzeug - WARNING -  * Debugger is active!
2022-12-02 17:52:24,611 - werkzeug - WARNING -  * Debugger is active!
2022-12-02 17:54:03,223 - werkzeug - WARNING -  * Debugger is active!
2022-12-02 17:57:07,122 - werkzeug - WARNING -  * Debugger is active!
2022-12-02 18:03:25,765 - werkzeug - WARNING -  * Debugger is active!
2022-12-02 18:11:28,881 - werkzeug - WARNING -  * Debugger is active!
2022-12-02 18:13:13,751 - werkzeug - WARNING -  * Debugger is active!
2022-12-02 18:14:02,290 - werkzeug - WARNING -  * Debugger is active!
2022-12-02 18:14:08,753 - werkzeug - WARNING -  * Debugger is active!
2022-12-02 18:15:13,525 - werkzeug - WARNING -  * Debugger is active!
2022-12-03 10:28:21,849 - werkzeug - WARNING -  * Debugger is active!
2022-12-03 17:04:39,610 - werkzeug - WARNING -  * Debugger is active!
2022-12-03 17:20:02,257 - werkzeug - WARNING -  * Debugger is active!
2022-12-03 17:21:47,464 - werkzeug - WARNING -  * Debugger is active!
2022-12-03 17:22:03,091 - werkzeug - WARNING -  * Debugger is active!
2022-12-03 17:22:28,950 - werkzeug - WARNING -  * Debugger is active!
2022-12-03 17:24:38,234 - werkzeug - WARNING -  * Debugger is active!
2022-12-03 17:25:22,759 - werkzeug - WARNING -  * Debugger is active!
2022-12-03 17:25:46,580 - werkzeug - WARNING -  * Debugger is active!
2022-12-03 17:26:19,741 - werkzeug - WARNING -  * Debugger is active!
2022-12-03 17:26:42,521 - werkzeug - WARNING -  * Debugger is active!
2022-12-03 17:26:45,876 - werkzeug - WARNING -  * Debugger is active!
2022-12-03 17:26:58,456 - werkzeug - WARNING -  * Debugger is active!
2022-12-03 17:28:52,233 - werkzeug - WARNING -  * Debugger is active!
2022-12-03 17:29:23,163 - werkzeug - WARNING -  * Debugger is active!
2022-12-03 17:30:06,512 - werkzeug - WARNING -  * Debugger is active!
2022-12-03 17:31:13,303 - werkzeug - WARNING -  * Debugger is active!
2022-12-03 17:35:03,098 - werkzeug - WARNING -  * Debugger is active!
2022-12-03 17:45:48,713 - werkzeug - WARNING -  * Debugger is active!
2022-12-03 17:48:28,813 - werkzeug - WARNING -  * Debugger is active!
2022-12-03 18:07:41,623 - werkzeug - WARNING -  * Debugger is active!
2022-12-03 18:56:57,989 - werkzeug - WARNING -  * Debugger is active!
2022-12-03 18:58:38,705 - werkzeug - WARNING -  * Debugger is active!
2022-12-03 18:58:46,155 - werkzeug - WARNING -  * Debugger is active!
2022-12-03 18:59:15,125 - werkzeug - WARNING -  * Debugger is active!
2022-12-03 19:03:28,462 - werkzeug - WARNING -  * Debugger is active!
2022-12-03 19:06:07,563 - werkzeug - WARNING -  * Debugger is active!
2022-12-03 19:06:32,465 - werkzeug - WARNING -  * Debugger is active!
2022-12-03 19:06:57,317 - werkzeug - WARNING -  * Debugger is active!
2022-12-03 19:12:39,563 - werkzeug - WARNING -  * Debugger is active!
2022-12-03 19:46:22,347 - werkzeug - WARNING -  * Debugger is active!
2022-12-03 19:48:54,266 - werkzeug - WARNING -  * Debugger is active!
2022-12-03 20:16:42,065 - werkzeug - WARNING -  * Debugger is active!
2022-12-03 20:18:55,621 - werkzeug - WARNING -  * Debugger is active!
2022-12-03 20:19:35,897 - werkzeug - WARNING -  * Debugger is active!
2022-12-03 20:20:59,170 - werkzeug - WARNING -  * Debugger is active!
2022-12-03 20:21:15,834 - werkzeug - WARNING -  * Debugger is active!
2022-12-03 21:30:46,427 - werkzeug - WARNING -  * Debugger is active!
2022-12-03 21:30:57,991 - werkzeug - WARNING -  * Debugger is active!
2022-12-03 21:32:56,154 - werkzeug - WARNING -  * Debugger is active!
2022-12-03 21:34:44,130 - werkzeug - WARNING -  * Debugger is active!
2022-12-03 21:35:06,957 - werkzeug - WARNING -  * Debugger is active!
2022-12-03 21:42:47,837 - werkzeug - WARNING -  * Debugger is active!
2022-12-03 21:52:52,704 - werkzeug - WARNING -  * Debugger is active!
2022-12-03 21:57:04,217 - werkzeug - WARNING -  * Debugger is active!
2022-12-03 21:57:45,468 - werkzeug - WARNING -  * Debugger is active!
2022-12-03 22:00:21,529 - werkzeug - WARNING -  * Debugger is active!
2022-12-03 22:02:41,249 - werkzeug - WARNING -  * Debugger is active!
2022-12-03 22:04:44,560 - werkzeug - WARNING -  * Debugger is active!
2022-12-03 22:05:27,845 - werkzeug - WARNING -  * Debugger is active!
2022-12-03 22:10:24,452 - werkzeug - WARNING -  * Debugger is active!
2022-12-03 22:11:01,551 - werkzeug - WARNING -  * Debugger is active!
2022-12-03 22:11:13,149 - werkzeug - WARNING -  * Debugger is active!
2022-12-03 22:11:25,758 - werkzeug - WARNING -  * Debugger is active!
2022-12-03 22:11:53,729 - werkzeug - WARNING -  * Debugger is active!
2022-12-03 22:12:02,192 - werkzeug - WARNING -  * Debugger is active!
2022-12-03 22:12:17,940 - werkzeug - WARNING -  * Debugger is active!
2022-12-03 22:12:32,702 - werkzeug - WARNING -  * Debugger is active!
2022-12-03 22:12:46,331 - werkzeug - WARNING -  * Debugger is active!
2022-12-03 22:13:01,088 - werkzeug - WARNING -  * Debugger is active!
2022-12-03 22:13:18,769 - werkzeug - WARNING -  * Debugger is active!
2022-12-03 22:13:27,263 - werkzeug - WARNING -  * Debugger is active!
2022-12-03 22:13:44,948 - werkzeug - WARNING -  * Debugger is active!
2022-12-03 22:15:07,289 - werkzeug - WARNING -  * Debugger is active!
2022-12-03 22:15:48,651 - werkzeug - WARNING -  * Debugger is active!
2022-12-03 22:19:59,308 - werkzeug - WARNING -  * Debugger is active!
2022-12-03 22:21:40,098 - werkzeug - WARNING -  * Debugger is active!
2022-12-03 22:54:53,351 - werkzeug - WARNING -  * Debugger is active!
2022-12-03 23:07:37,288 - werkzeug - WARNING -  * Debugger is active!
2022-12-03 23:13:26,189 - werkzeug - WARNING -  * Debugger is active!
2022-12-03 23:16:42,716 - werkzeug - WARNING -  * Debugger is active!
2022-12-03 23:18:37,809 - werkzeug - WARNING -  * Debugger is active!
2022-12-03 23:18:50,419 - werkzeug - WARNING -  * Debugger is active!
2022-12-03 23:19:10,261 - werkzeug - WARNING -  * Debugger is active!
2022-12-03 23:19:50,538 - werkzeug - WARNING -  * Debugger is active!
2022-12-03 23:19:56,521 - werkzeug - WARNING -  * Debugger is active!
2022-12-03 23:27:51,715 - werkzeug - WARNING -  * Debugger is active!
2022-12-03 23:27:54,051 - werkzeug - WARNING -  * Debugger is active!
2022-12-03 23:28:54,764 - werkzeug - WARNING -  * Debugger is active!
2022-12-03 23:29:25,872 - werkzeug - WARNING -  * Debugger is active!
2022-12-03 23:29:47,682 - werkzeug - WARNING -  * Debugger is active!
2022-12-05 13:53:43,408 - werkzeug - WARNING -  * Debugger is active!
2022-12-05 18:49:32,699 - werkzeug - WARNING -  * Debugger is active!
2022-12-05 19:56:04,701 - werkzeug - WARNING -  * Debugger is active!
2022-12-05 20:28:10,592 - werkzeug - WARNING -  * Debugger is active!
2022-12-05 20:29:21,181 - werkzeug - WARNING -  * Debugger is active!
2022-12-05 20:30:24,288 - werkzeug - WARNING -  * Debugger is active!
2022-12-05 20:30:59,068 - werkzeug - WARNING -  * Debugger is active!
2022-12-06 21:02:40,334 - werkzeug - WARNING -  * Debugger is active!
2022-12-06 22:29:43,715 - werkzeug - WARNING -  * Debugger is active!
2022-12-06 22:30:06,658 - werkzeug - WARNING -  * Debugger is active!
2022-12-06 22:32:38,185 - werkzeug - WARNING -  * Debugger is active!
2022-12-06 22:37:30,745 - werkzeug - WARNING -  * Debugger is active!
2022-12-06 22:42:35,813 - werkzeug - WARNING -  * Debugger is active!
2022-12-06 22:42:56,598 - werkzeug - WARNING -  * Debugger is active!
2022-12-06 22:43:21,528 - werkzeug - WARNING -  * Debugger is active!
2022-12-06 22:46:23,306 - werkzeug - WARNING -  * Debugger is active!
2022-12-06 22:46:46,458 - werkzeug - WARNING -  * Debugger is active!
2022-12-06 23:01:32,346 - werkzeug - WARNING -  * Debugger is active!
2022-12-06 23:01:37,855 - __init__ - WARNING - User test with role id 0 was added by root
2022-12-06 23:03:23,256 - werkzeug - WARNING -  * Debugger is active!
2022-12-06 23:04:01,510 - werkzeug - WARNING -  * Debugger is active!
2022-12-06 23:05:01,129 - werkzeug - WARNING -  * Debugger is active!
2022-12-06 23:08:41,974 - werkzeug - WARNING -  * Debugger is active!
2022-12-06 23:09:07,884 - werkzeug - WARNING -  * Debugger is active!
2022-12-06 23:09:50,075 - werkzeug - WARNING -  * Debugger is active!
2022-12-06 23:10:10,954 - werkzeug - WARNING -  * Debugger is active!
2022-12-06 23:10:56,160 - werkzeug - WARNING -  * Debugger is active!
2022-12-06 23:11:24,059 - werkzeug - WARNING -  * Debugger is active!
2022-12-06 23:14:24,827 - werkzeug - WARNING -  * Debugger is active!
2022-12-06 23:15:55,408 - werkzeug - WARNING -  * Debugger is active!
2022-12-06 23:16:14,182 - werkzeug - WARNING -  * Debugger is active!
2022-12-06 23:16:27,795 - werkzeug - WARNING -  * Debugger is active!
2022-12-07 10:06:04,569 - werkzeug - WARNING -  * Debugger is active!
2022-12-07 10:07:55,194 - werkzeug - WARNING -  * Debugger is active!
2022-12-07 10:11:40,971 - werkzeug - WARNING -  * Debugger is active!
2022-12-07 10:15:43,906 - werkzeug - WARNING -  * Debugger is active!
2022-12-07 10:16:11,844 - werkzeug - WARNING -  * Debugger is active!
2022-12-07 10:18:44,471 - werkzeug - WARNING -  * Debugger is active!
2022-12-07 10:40:40,508 - werkzeug - WARNING -  * Debugger is active!
2022-12-07 10:40:59,548 - __init__ - WARNING - User test with role id 0 was added by root
2022-12-07 10:42:28,517 - werkzeug - WARNING -  * Debugger is active!
2022-12-07 10:45:42,398 - werkzeug - WARNING -  * Debugger is active!
2022-12-07 10:47:06,709 - werkzeug - WARNING -  * Debugger is active!
2022-12-07 10:47:53,055 - werkzeug - WARNING -  * Debugger is active!
2022-12-07 10:48:33,326 - werkzeug - WARNING -  * Debugger is active!
2022-12-07 10:49:18,622 - __init__ - WARNING - New flight added by root
2022-12-07 10:49:44,880 - __init__ - WARNING - New flight added by root
2022-12-07 10:50:01,751 - __init__ - WARNING - New flight added by root
2022-12-07 10:50:05,083 - __init__ - WARNING - New flight added by root
2022-12-07 10:52:39,602 - werkzeug - WARNING -  * Debugger is active!
2022-12-07 10:54:16,384 - werkzeug - WARNING -  * Debugger is active!
2022-12-07 10:55:02,699 - werkzeug - WARNING -  * Debugger is active!
2022-12-07 10:55:46,968 - werkzeug - WARNING -  * Debugger is active!
2022-12-07 10:56:29,227 - werkzeug - WARNING -  * Debugger is active!
2022-12-07 10:57:26,806 - werkzeug - WARNING -  * Debugger is active!
2022-12-07 10:57:39,417 - werkzeug - WARNING -  * Debugger is active!
2022-12-07 10:58:11,323 - __init__ - WARNING - New flight added by root
2022-12-07 10:58:14,044 - __init__ - WARNING - New flight added by root
2022-12-07 10:58:16,979 - __init__ - WARNING - New flight added by root
2022-12-07 10:58:25,613 - __init__ - WARNING - User test with role id 0 was added by root
2022-12-07 10:59:27,379 - werkzeug - WARNING -  * Debugger is active!
2022-12-07 11:01:10,195 - werkzeug - WARNING -  * Debugger is active!
2022-12-07 11:02:44,828 - werkzeug - WARNING -  * Debugger is active!
2022-12-07 11:03:03,664 - werkzeug - WARNING -  * Debugger is active!
2022-12-07 11:07:32,386 - werkzeug - WARNING -  * Debugger is active!
2022-12-07 11:08:01,308 - werkzeug - WARNING -  * Debugger is active!
2022-12-07 11:10:58,722 - werkzeug - WARNING -  * Debugger is active!
2022-12-07 11:12:59,975 - werkzeug - WARNING -  * Debugger is active!
2022-12-07 11:14:28,262 - werkzeug - WARNING -  * Debugger is active!
2022-12-07 11:14:44,883 - werkzeug - WARNING -  * Debugger is active!
2022-12-07 11:16:13,239 - werkzeug - WARNING -  * Debugger is active!
2022-12-07 11:16:32,037 - werkzeug - WARNING -  * Debugger is active!
2022-12-07 11:17:08,197 - werkzeug - WARNING -  * Debugger is active!
2022-12-07 11:18:13,366 - werkzeug - WARNING -  * Debugger is active!
2022-12-07 11:18:29,018 - werkzeug - WARNING -  * Debugger is active!
2022-12-07 11:18:56,941 - werkzeug - WARNING -  * Debugger is active!
2022-12-07 11:19:07,612 - __init__ - WARNING - New flight added by root
2022-12-07 11:19:38,167 - werkzeug - WARNING -  * Debugger is active!
2022-12-07 11:19:53,568 - __init__ - WARNING - New flight added by root
2022-12-07 11:22:02,897 - werkzeug - WARNING -  * Debugger is active!
2022-12-07 11:24:44,189 - werkzeug - WARNING -  * Debugger is active!
2022-12-07 11:25:45,032 - werkzeug - WARNING -  * Debugger is active!
2022-12-07 11:26:00,679 - werkzeug - WARNING -  * Debugger is active!
2022-12-07 11:26:03,078 - werkzeug - WARNING -  * Debugger is active!
2022-12-07 11:29:22,259 - werkzeug - WARNING -  * Debugger is active!
2022-12-07 11:30:41,467 - werkzeug - WARNING -  * Debugger is active!
2022-12-07 11:32:19,023 - werkzeug - WARNING -  * Debugger is active!
2022-12-07 11:32:53,111 - werkzeug - WARNING -  * Debugger is active!
2022-12-07 11:33:16,942 - werkzeug - WARNING -  * Debugger is active!
2022-12-07 11:36:02,214 - werkzeug - WARNING -  * Debugger is active!
2022-12-07 11:36:55,802 - werkzeug - WARNING -  * Debugger is active!
2022-12-07 11:38:04,680 - werkzeug - WARNING -  * Debugger is active!
2022-12-07 11:38:13,205 - werkzeug - WARNING -  * Debugger is active!
2022-12-07 11:38:48,253 - werkzeug - WARNING -  * Debugger is active!
2022-12-07 11:38:56,730 - werkzeug - WARNING -  * Debugger is active!
2022-12-07 11:39:52,331 - werkzeug - WARNING -  * Debugger is active!
2022-12-07 11:42:49,927 - werkzeug - WARNING -  * Debugger is active!
2022-12-07 11:43:43,471 - werkzeug - WARNING -  * Debugger is active!
2022-12-07 11:46:15,649 - __init__ - WARNING - New flight added by root
2022-12-07 11:46:36,622 - __init__ - WARNING - New flight added by root
2022-12-07 11:47:38,036 - __init__ - WARNING - New flight added by root
2022-12-07 11:55:24,554 - werkzeug - WARNING -  * Debugger is active!
2022-12-07 11:55:43,306 - werkzeug - WARNING -  * Debugger is active!
2022-12-07 12:02:31,395 - werkzeug - WARNING -  * Debugger is active!
2022-12-07 12:39:40,899 - werkzeug - WARNING -  * Debugger is active!
2022-12-07 12:40:28,308 - werkzeug - WARNING -  * Debugger is active!
2022-12-07 12:40:56,273 - werkzeug - WARNING -  * Debugger is active!
2022-12-07 12:42:36,640 - werkzeug - WARNING -  * Debugger is active!
2022-12-07 12:44:18,596 - werkzeug - WARNING -  * Debugger is active!
2022-12-07 12:45:01,915 - werkzeug - WARNING -  * Debugger is active!
2022-12-07 12:45:59,552 - werkzeug - WARNING -  * Debugger is active!
2022-12-07 12:46:12,217 - werkzeug - WARNING -  * Debugger is active!
2022-12-07 12:46:35,976 - werkzeug - WARNING -  * Debugger is active!
2022-12-07 12:48:21,969 - werkzeug - WARNING -  * Debugger is active!
2022-12-07 12:48:36,656 - werkzeug - WARNING -  * Debugger is active!
2022-12-07 12:49:16,912 - werkzeug - WARNING -  * Debugger is active!
2022-12-07 12:49:20,274 - werkzeug - WARNING -  * Debugger is active!
2022-12-07 12:50:43,557 - werkzeug - WARNING -  * Debugger is active!
2022-12-07 13:28:34,262 - werkzeug - WARNING -  * Debugger is active!
2022-12-07 13:51:42,507 - werkzeug - WARNING -  * Debugger is active!
2022-12-07 17:37:44,576 - werkzeug - WARNING -  * Debugger is active!
2022-12-07 17:38:01,242 - werkzeug - WARNING -  * Debugger is active!
2022-12-07 17:57:06,334 - werkzeug - WARNING -  * Debugger is active!
2022-12-07 17:57:24,075 - werkzeug - WARNING -  * Debugger is active!
2022-12-07 17:57:40,096 - __init__ - WARNING - User test with role id 0 was added by root
2022-12-07 17:57:59,177 - __init__ - WARNING - User test1 with role id 1 was added by root
2022-12-07 17:59:46,356 - __init__ - WARNING - New flight added by root
2022-12-07 19:22:12,542 - __init__ - WARNING - New flight added by root
2022-12-07 19:24:35,549 - werkzeug - WARNING -  * Debugger is active!
2022-12-07 23:05:14,326 - werkzeug - WARNING -  * Debugger is active!
2022-12-07 23:06:19,471 - werkzeug - WARNING -  * Debugger is active!
2022-12-07 23:12:18,185 - werkzeug - WARNING -  * Debugger is active!
2022-12-07 23:12:47,223 - werkzeug - WARNING -  * Debugger is active!
2022-12-08 10:09:44,926 - werkzeug - WARNING -  * Debugger is active!
2022-12-08 12:13:07,306 - werkzeug - WARNING -  * Debugger is active!
2022-12-08 12:13:49,605 - werkzeug - WARNING -  * Debugger is active!
2022-12-08 12:14:41,232 - werkzeug - WARNING -  * Debugger is active!
2022-12-08 12:16:12,593 - werkzeug - WARNING -  * Debugger is active!
2022-12-08 12:18:44,031 - werkzeug - WARNING -  * Debugger is active!
2022-12-08 12:19:08,112 - werkzeug - WARNING -  * Debugger is active!
2022-12-08 12:20:14,000 - werkzeug - WARNING -  * Debugger is active!
2022-12-08 12:20:32,173 - __init__ - WARNING - User test with role id 1 was added by root
2022-12-08 12:33:56,831 - werkzeug - WARNING -  * Debugger is active!
2022-12-08 12:34:24,734 - werkzeug - WARNING -  * Debugger is active!
2022-12-08 12:35:01,960 - werkzeug - WARNING -  * Debugger is active!
2022-12-08 12:35:08,395 - werkzeug - WARNING -  * Debugger is active!
2022-12-08 12:35:27,072 - werkzeug - WARNING -  * Debugger is active!
2022-12-08 12:37:11,813 - werkzeug - WARNING -  * Debugger is active!
2022-12-08 12:37:35,639 - werkzeug - WARNING -  * Debugger is active!
2022-12-08 12:37:40,011 - werkzeug - WARNING -  * Debugger is active!
2022-12-08 12:38:37,747 - werkzeug - WARNING -  * Debugger is active!
2022-12-08 13:03:48,270 - werkzeug - WARNING -  * Debugger is active!
2022-12-08 13:04:29,549 - werkzeug - WARNING -  * Debugger is active!
2022-12-08 13:04:49,285 - werkzeug - WARNING -  * Debugger is active!
2022-12-08 13:05:14,128 - werkzeug - WARNING -  * Debugger is active!
2022-12-08 13:05:29,745 - werkzeug - WARNING -  * Debugger is active!
2022-12-08 13:06:17,186 - werkzeug - WARNING -  * Debugger is active!
2022-12-08 13:06:49,295 - werkzeug - WARNING -  * Debugger is active!
2022-12-08 13:08:00,220 - werkzeug - WARNING -  * Debugger is active!
2022-12-08 13:08:53,800 - werkzeug - WARNING -  * Debugger is active!
2022-12-08 13:09:08,380 - werkzeug - WARNING -  * Debugger is active!
2022-12-08 13:09:52,760 - werkzeug - WARNING -  * Debugger is active!
2022-12-08 13:10:51,556 - werkzeug - WARNING -  * Debugger is active!
2022-12-08 14:01:14,566 - werkzeug - WARNING -  * Debugger is active!
2022-12-08 14:03:10,870 - werkzeug - WARNING -  * Debugger is active!
2022-12-08 14:03:38,783 - werkzeug - WARNING -  * Debugger is active!
2022-12-08 14:04:30,376 - werkzeug - WARNING -  * Debugger is active!
2022-12-08 14:05:07,604 - werkzeug - WARNING -  * Debugger is active!
2022-12-08 14:06:06,441 - werkzeug - WARNING -  * Debugger is active!
2022-12-08 14:08:32,404 - werkzeug - WARNING -  * Debugger is active!
2022-12-08 14:08:39,837 - werkzeug - WARNING -  * Debugger is active!
2022-12-08 14:10:06,152 - werkzeug - WARNING -  * Debugger is active!
2022-12-08 14:10:15,655 - werkzeug - WARNING -  * Debugger is active!
2022-12-08 14:10:24,147 - werkzeug - WARNING -  * Debugger is active!
2022-12-08 14:23:37,708 - werkzeug - WARNING -  * Debugger is active!
2022-12-08 14:24:20,060 - werkzeug - WARNING -  * Debugger is active!
2022-12-08 14:26:07,905 - werkzeug - WARNING -  * Debugger is active!
2022-12-08 14:27:26,986 - werkzeug - WARNING -  * Debugger is active!
2022-12-08 14:30:32,323 - werkzeug - WARNING -  * Debugger is active!
2022-12-08 14:32:24,183 - werkzeug - WARNING -  * Debugger is active!
2022-12-08 14:32:36,278 - __init__ - WARNING - User test with role id 1 was added by root
2022-12-08 14:33:45,635 - werkzeug - WARNING -  * Debugger is active!
2022-12-08 14:35:46,984 - werkzeug - WARNING -  * Debugger is active!
2022-12-08 14:36:38,562 - werkzeug - WARNING -  * Debugger is active!
2022-12-08 15:23:12,611 - werkzeug - WARNING -  * Debugger is active!
2022-12-08 15:24:12,958 - werkzeug - WARNING -  * Debugger is active!
2022-12-08 15:26:37,864 - werkzeug - WARNING -  * Debugger is active!
2022-12-08 15:27:29,389 - werkzeug - WARNING -  * Debugger is active!
2022-12-08 15:28:12,799 - werkzeug - WARNING -  * Debugger is active!
2022-12-08 15:28:26,376 - werkzeug - WARNING -  * Debugger is active!
2022-12-08 15:31:18,148 - werkzeug - WARNING -  * Debugger is active!
2022-12-08 15:45:32,112 - __init__ - WARNING - User test with role id 1 was added by root
2022-12-08 15:48:42,158 - werkzeug - WARNING -  * Debugger is active!
2022-12-08 15:49:15,356 - werkzeug - WARNING -  * Debugger is active!
2022-12-08 15:50:34,582 - werkzeug - WARNING -  * Debugger is active!
2022-12-08 15:51:38,142 - werkzeug - WARNING -  * Debugger is active!
2022-12-08 15:53:15,714 - werkzeug - WARNING -  * Debugger is active!
2022-12-08 15:53:35,458 - werkzeug - WARNING -  * Debugger is active!
2022-12-08 15:54:30,069 - werkzeug - WARNING -  * Debugger is active!
2022-12-08 16:00:01,527 - werkzeug - WARNING -  * Debugger is active!
2022-12-08 16:00:33,512 - werkzeug - WARNING -  * Debugger is active!
2022-12-08 16:55:10,026 - werkzeug - WARNING -  * Debugger is active!
2022-12-08 16:57:12,195 - werkzeug - WARNING -  * Debugger is active!
2022-12-08 16:59:38,233 - werkzeug - WARNING -  * Debugger is active!
2022-12-08 16:59:46,905 - werkzeug - WARNING -  * Debugger is active!
2022-12-08 17:00:09,727 - werkzeug - WARNING -  * Debugger is active!
2022-12-08 17:06:39,680 - werkzeug - WARNING -  * Debugger is active!
2022-12-08 17:10:15,252 - werkzeug - WARNING -  * Debugger is active!
2022-12-08 17:10:26,801 - werkzeug - WARNING -  * Debugger is active!
2022-12-08 17:16:29,014 - werkzeug - WARNING -  * Debugger is active!
2022-12-08 17:22:11,481 - werkzeug - WARNING -  * Debugger is active!
2022-12-08 17:23:42,107 - werkzeug - WARNING -  * Debugger is active!
2022-12-08 17:23:52,735 - werkzeug - WARNING -  * Debugger is active!
2022-12-08 17:25:18,208 - werkzeug - WARNING -  * Debugger is active!
2022-12-08 17:25:29,810 - werkzeug - WARNING -  * Debugger is active!
2022-12-08 17:25:32,169 - werkzeug - WARNING -  * Debugger is active!
2022-12-08 17:26:52,293 - werkzeug - WARNING -  * Debugger is active!
2022-12-08 17:28:22,770 - werkzeug - WARNING -  * Debugger is active!
2022-12-08 17:28:40,454 - werkzeug - WARNING -  * Debugger is active!
2022-12-08 22:52:57,051 - werkzeug - WARNING -  * Debugger is active!
2022-12-08 22:55:41,111 - werkzeug - WARNING -  * Debugger is active!
2022-12-09 16:02:16,119 - werkzeug - WARNING -  * Debugger is active!
2022-12-09 16:20:47,417 - werkzeug - WARNING -  * Debugger is active!
2022-12-09 16:21:01,124 - werkzeug - WARNING -  * Debugger is active!
2022-12-09 16:23:49,403 - werkzeug - WARNING -  * Debugger is active!
2022-12-09 16:25:42,353 - werkzeug - WARNING -  * Debugger is active!
2022-12-09 16:28:35,723 - werkzeug - WARNING -  * Debugger is active!
2022-12-09 16:29:12,833 - werkzeug - WARNING -  * Debugger is active!
2022-12-09 16:29:54,050 - werkzeug - WARNING -  * Debugger is active!
2022-12-09 16:31:27,512 - werkzeug - WARNING -  * Debugger is active!
2022-12-09 16:31:37,004 - werkzeug - WARNING -  * Debugger is active!
2022-12-09 16:32:22,334 - werkzeug - WARNING -  * Debugger is active!
2022-12-09 16:33:02,584 - werkzeug - WARNING -  * Debugger is active!
2022-12-09 16:33:23,287 - werkzeug - WARNING -  * Debugger is active!
2022-12-09 16:34:24,946 - werkzeug - WARNING -  * Debugger is active!
2022-12-09 17:05:23,659 - werkzeug - WARNING -  * Debugger is active!
2022-12-09 17:06:15,777 - __init__ - WARNING - User test with role id 1 was added by root
2022-12-09 17:10:54,048 - werkzeug - WARNING -  * Debugger is active!
2022-12-09 17:15:18,623 - werkzeug - WARNING -  * Debugger is active!
2022-12-09 17:21:34,012 - werkzeug - WARNING -  * Debugger is active!
2022-12-09 17:23:55,485 - werkzeug - WARNING -  * Debugger is active!
2022-12-09 17:24:13,212 - werkzeug - WARNING -  * Debugger is active!
2022-12-09 17:28:05,072 - werkzeug - WARNING -  * Debugger is active!
2022-12-09 17:28:14,542 - werkzeug - WARNING -  * Debugger is active!
2022-12-09 17:29:00,379 - __init__ - WARNING - User test1 with role id 1 was added by root
2022-12-09 17:32:46,615 - werkzeug - WARNING -  * Debugger is active!
2022-12-09 17:48:48,473 - werkzeug - WARNING -  * Debugger is active!
2022-12-09 17:49:36,890 - werkzeug - WARNING -  * Debugger is active!
2022-12-09 17:55:14,968 - werkzeug - WARNING -  * Debugger is active!
2022-12-09 17:55:27,528 - werkzeug - WARNING -  * Debugger is active!
2022-12-09 18:15:10,950 - werkzeug - WARNING -  * Debugger is active!
2022-12-09 18:15:36,823 - werkzeug - WARNING -  * Debugger is active!
2022-12-09 18:16:43,717 - werkzeug - WARNING -  * Debugger is active!
2022-12-09 18:18:18,181 - werkzeug - WARNING -  * Debugger is active!
2022-12-09 19:04:47,015 - werkzeug - WARNING -  * Debugger is active!
2022-12-09 19:07:12,692 - __init__ - WARNING - User test2 with role id 1 was added by root
